Сборка начата 08.10.2023 22:56:57.
Уровень детализации журнала: Normal.     1>Проект "C:\Users\givi\Documents\лабы 2курс\АСД\lab7\lab7\lab7.vcxproj" в узле 2 (целевые объекты Build).
     1>InitializeBuildStatus:
         Создание "x64\Debug\lab7.tlog\unsuccessfulbuild", так как было задано "AlwaysCreate".
         Обращение к "x64\Debug\lab7.tlog\unsuccessfulbuild".
       ClCompile:
         C:\Program Files\Microsoft Visual Studio\2022\Enterprise\VC\Tools\MSVC\14.37.32822\bin\HostX64\x64\CL.exe /c /ZI /JMC /nologo /W3 /WX- /diagnostics:column /sdl /Od /D _DEBUG /D _CONSOLE /D _UNICODE /D UNICODE /Gm- /EHsc /RTC1 /MDd /GS /fp:precise /Zc:wchar_t /Zc:forScope /Zc:inline /permissive- /Fo"x64\Debug\\" /Fd"x64\Debug\vc143.pdb" /external:W3 /Gd /TP /FC /errorReport:prompt Source.cpp
         Source.cpp
     1>C:\Users\givi\Documents\лабы 2курс\АСД\lab7\lab7\Source.cpp(28,11): warning C4267: инициализация: преобразование из "size_t" в "int"; возможна потеря данных
       Link:
         C:\Program Files\Microsoft Visual Studio\2022\Enterprise\VC\Tools\MSVC\14.37.32822\bin\HostX64\x64\link.exe /ERRORREPORT:PROMPT /OUT:"C:\Users\givi\Documents\лабы 2курс\АСД\lab7\x64\Debug\lab7.exe" /INCREMENTAL /ILK:"x64\Debug\lab7.ilk" /NOLOGO kernel32.lib user32.lib gdi32.lib winspool.lib comdlg32.lib advapi32.lib shell32.lib ole32.lib oleaut32.lib uuid.lib odbc32.lib odbccp32.lib /MANIFEST /MANIFESTUAC:"level='asInvoker' uiAccess='false'" /manifest:embed /DEBUG /PDB:"C:\Users\givi\Documents\лабы 2курс\АСД\lab7\x64\Debug\lab7.pdb" /SUBSYSTEM:CONSOLE /TLBID:1 /DYNAMICBASE /NXCOMPAT /IMPLIB:"C:\Users\givi\Documents\лабы 2курс\АСД\lab7\x64\Debug\lab7.lib" /MACHINE:X64 x64\Debug\Source.obj
         lab7.vcxproj -> C:\Users\givi\Documents\лабы 2курс\АСД\lab7\x64\Debug\lab7.exe
       FinalizeBuildStatus:
         Файл "x64\Debug\lab7.tlog\unsuccessfulbuild" удаляется.
         Обращение к "x64\Debug\lab7.tlog\lab7.lastbuildstate".
     1>Сборка проекта "C:\Users\givi\Documents\лабы 2курс\АСД\lab7\lab7\lab7.vcxproj" завершена (целевые объекты Build).

Сборка успешно завершена.

       "C:\Users\givi\Documents\лабы 2курс\АСД\lab7\lab7\lab7.vcxproj" (целевой объект Build ) (1) ->
       (Целевой объект ClCompile) -> 
         C:\Users\givi\Documents\лабы 2курс\АСД\lab7\lab7\Source.cpp(28,11): warning C4267: инициализация: преобразование из "size_t" в "int"; возможна потеря данных

    Предупреждений: 1
    Ошибок: 0

Прошло времени 00:00:01.43
