Сборка начата 17.10.2023 17:10:51.
Уровень детализации журнала: Normal.     1>Проект "C:\Users\givi\Documents\лабы 2курс\АСД\lab7\lab7\lab7.vcxproj" в узле 2 (целевые объекты Build).
     1>InitializeBuildStatus:
         Создание "Debug\lab7.tlog\unsuccessfulbuild", так как было задано "AlwaysCreate".
         Обращение к "Debug\lab7.tlog\unsuccessfulbuild".
       ClCompile:
         C:\Program Files\Microsoft Visual Studio\2022\Enterprise\VC\Tools\MSVC\14.37.32822\bin\HostX86\x86\CL.exe /c /ZI /JMC /nologo /W3 /WX- /diagnostics:column /sdl /Od /Oy- /D WIN32 /D _DEBUG /D _CONSOLE /D _UNICODE /D UNICODE /Gm- /EHsc /RTC1 /MDd /GS /fp:precise /Zc:wchar_t /Zc:forScope /Zc:inline /permissive- /Fo"Debug\\" /Fd"Debug\vc143.pdb" /external:W3 /Gd /TP /analyze- /FC /errorReport:prompt Source.cpp
         Source.cpp
     1>C:\Users\givi\Documents\лабы 2курс\АСД\lab7\lab7\Source.cpp(22,23): warning C4018: <: несоответствие типов со знаком и без знака
     1>C:\Users\givi\Documents\лабы 2курс\АСД\lab7\lab7\Source.cpp(32,23): warning C4018: <: несоответствие типов со знаком и без знака
       Link:
         C:\Program Files\Microsoft Visual Studio\2022\Enterprise\VC\Tools\MSVC\14.37.32822\bin\HostX86\x86\link.exe /ERRORREPORT:PROMPT /OUT:"C:\Users\givi\Documents\лабы 2курс\АСД\lab7\Debug\lab7.exe" /INCREMENTAL /ILK:"Debug\lab7.ilk" /NOLOGO legacy_stdio_definitions.lib /MANIFEST /MANIFESTUAC:"level='asInvoker' uiAccess='false'" /manifest:embed /DEBUG /PDB:"C:\Users\givi\Documents\лабы 2курс\АСД\lab7\Debug\lab7.pdb" /SUBSYSTEM:CONSOLE /TLBID:1 /DYNAMICBASE /NXCOMPAT /IMPLIB:"C:\Users\givi\Documents\лабы 2курс\АСД\lab7\Debug\lab7.lib" /MACHINE:X86 Debug\Source.obj
         lab7.vcxproj -> C:\Users\givi\Documents\лабы 2курс\АСД\lab7\Debug\lab7.exe
       FinalizeBuildStatus:
         Файл "Debug\lab7.tlog\unsuccessfulbuild" удаляется.
         Обращение к "Debug\lab7.tlog\lab7.lastbuildstate".
     1>Сборка проекта "C:\Users\givi\Documents\лабы 2курс\АСД\lab7\lab7\lab7.vcxproj" завершена (целевые объекты Build).

Сборка успешно завершена.

       "C:\Users\givi\Documents\лабы 2курс\АСД\lab7\lab7\lab7.vcxproj" (целевой объект Build ) (1) ->
       (Целевой объект ClCompile) -> 
         C:\Users\givi\Documents\лабы 2курс\АСД\lab7\lab7\Source.cpp(22,23): warning C4018: <: несоответствие типов со знаком и без знака
         C:\Users\givi\Documents\лабы 2курс\АСД\lab7\lab7\Source.cpp(32,23): warning C4018: <: несоответствие типов со знаком и без знака

    Предупреждений: 2
    Ошибок: 0

Прошло времени 00:00:01.42
