Сборка начата 31.10.2023 17:08:01.
Уровень детализации журнала: Normal.     1>Проект "C:\Users\givi\Documents\лабы 2курс\АСД\lab10\lab10\lab10.vcxproj" в узле 2 (целевые объекты Build).
     1>PrepareForBuild:
         Создание каталога "C:\Users\givi\Documents\лабы 2курс\АСД\lab10\x64\Debug\".
         Создание каталога "x64\Debug\lab10.tlog\".
       InitializeBuildStatus:
         Создание "x64\Debug\lab10.tlog\unsuccessfulbuild", так как было задано "AlwaysCreate".
         Обращение к "x64\Debug\lab10.tlog\unsuccessfulbuild".
       ClCompile:
         C:\Program Files\Microsoft Visual Studio\2022\Enterprise\VC\Tools\MSVC\14.37.32822\bin\HostX64\x64\CL.exe /c /ZI /JMC /nologo /W3 /WX- /diagnostics:column /sdl /Od /D _DEBUG /D _CONSOLE /D _UNICODE /D UNICODE /Gm- /EHsc /RTC1 /MDd /GS /fp:precise /Zc:wchar_t /Zc:forScope /Zc:inline /permissive- /Fo"x64\Debug\\" /Fd"x64\Debug\vc143.pdb" /external:W3 /Gd /TP /FC /errorReport:prompt Source.cpp
         Source.cpp
     1>C:\Users\givi\Documents\лабы 2курс\АСД\lab10\lab10\Source.cpp(72,1): warning C4326: возвращаемый тип "main" должен быть "int", а не "void"
     1>C:\Users\givi\Documents\лабы 2курс\АСД\lab10\lab10\Source.cpp(133,12): warning C4244: аргумент: преобразование "time_t" в "unsigned int", возможна потеря данных
     1>C:\Users\givi\Documents\лабы 2курс\АСД\lab10\lab10\Source.cpp(175,16): warning C4267: аргумент: преобразование из "size_t" в "int"; возможна потеря данных
     1>C:\Users\givi\Documents\лабы 2курс\АСД\lab10\lab10\Source.cpp(194,18): warning C4267: аргумент: преобразование из "size_t" в "int"; возможна потеря данных
     1>C:\Users\givi\Documents\лабы 2курс\АСД\lab10\lab10\Source.cpp(204,18): warning C4267: аргумент: преобразование из "size_t" в "int"; возможна потеря данных
     1>C:\Users\givi\Documents\лабы 2курс\АСД\lab10\lab10\Source.cpp(214,12): warning C4244: аргумент: преобразование "time_t" в "unsigned int", возможна потеря данных
     1>C:\Users\givi\Documents\лабы 2курс\АСД\lab10\lab10\Source.cpp(242,27): warning C4244: =: преобразование "double" в "int", возможна потеря данных
     1>C:\Users\givi\Documents\лабы 2курс\АСД\lab10\lab10\Source.cpp(246,27): warning C4244: =: преобразование "double" в "int", возможна потеря данных
     1>C:\Users\givi\Documents\лабы 2курс\АСД\lab10\lab10\Source.cpp(250,27): warning C4244: =: преобразование "double" в "int", возможна потеря данных
     1>C:\Users\givi\Documents\лабы 2курс\АСД\lab10\lab10\Source.cpp(254,18): warning C4244: =: преобразование "double" в "int", возможна потеря данных
       Link:
         C:\Program Files\Microsoft Visual Studio\2022\Enterprise\VC\Tools\MSVC\14.37.32822\bin\HostX64\x64\link.exe /ERRORREPORT:PROMPT /OUT:"C:\Users\givi\Documents\лабы 2курс\АСД\lab10\x64\Debug\lab10.exe" /INCREMENTAL /ILK:"x64\Debug\lab10.ilk" /NOLOGO kernel32.lib user32.lib gdi32.lib winspool.lib comdlg32.lib advapi32.lib shell32.lib ole32.lib oleaut32.lib uuid.lib odbc32.lib odbccp32.lib /MANIFEST /MANIFESTUAC:"level='asInvoker' uiAccess='false'" /manifest:embed /DEBUG /PDB:"C:\Users\givi\Documents\лабы 2курс\АСД\lab10\x64\Debug\lab10.pdb" /SUBSYSTEM:CONSOLE /TLBID:1 /DYNAMICBASE /NXCOMPAT /IMPLIB:"C:\Users\givi\Documents\лабы 2курс\АСД\lab10\x64\Debug\lab10.lib" /MACHINE:X64 x64\Debug\Source.obj
         lab10.vcxproj -> C:\Users\givi\Documents\лабы 2курс\АСД\lab10\x64\Debug\lab10.exe
       FinalizeBuildStatus:
         Файл "x64\Debug\lab10.tlog\unsuccessfulbuild" удаляется.
         Обращение к "x64\Debug\lab10.tlog\lab10.lastbuildstate".
     1>Сборка проекта "C:\Users\givi\Documents\лабы 2курс\АСД\lab10\lab10\lab10.vcxproj" завершена (целевые объекты Build).

Сборка успешно завершена.

       "C:\Users\givi\Documents\лабы 2курс\АСД\lab10\lab10\lab10.vcxproj" (целевой объект Build ) (1) ->
       (Целевой объект ClCompile) -> 
         C:\Users\givi\Documents\лабы 2курс\АСД\lab10\lab10\Source.cpp(72,1): warning C4326: возвращаемый тип "main" должен быть "int", а не "void"
         C:\Users\givi\Documents\лабы 2курс\АСД\lab10\lab10\Source.cpp(133,12): warning C4244: аргумент: преобразование "time_t" в "unsigned int", возможна потеря данных
         C:\Users\givi\Documents\лабы 2курс\АСД\lab10\lab10\Source.cpp(175,16): warning C4267: аргумент: преобразование из "size_t" в "int"; возможна потеря данных
         C:\Users\givi\Documents\лабы 2курс\АСД\lab10\lab10\Source.cpp(194,18): warning C4267: аргумент: преобразование из "size_t" в "int"; возможна потеря данных
         C:\Users\givi\Documents\лабы 2курс\АСД\lab10\lab10\Source.cpp(204,18): warning C4267: аргумент: преобразование из "size_t" в "int"; возможна потеря данных
         C:\Users\givi\Documents\лабы 2курс\АСД\lab10\lab10\Source.cpp(214,12): warning C4244: аргумент: преобразование "time_t" в "unsigned int", возможна потеря данных
         C:\Users\givi\Documents\лабы 2курс\АСД\lab10\lab10\Source.cpp(242,27): warning C4244: =: преобразование "double" в "int", возможна потеря данных
         C:\Users\givi\Documents\лабы 2курс\АСД\lab10\lab10\Source.cpp(246,27): warning C4244: =: преобразование "double" в "int", возможна потеря данных
         C:\Users\givi\Documents\лабы 2курс\АСД\lab10\lab10\Source.cpp(250,27): warning C4244: =: преобразование "double" в "int", возможна потеря данных
         C:\Users\givi\Documents\лабы 2курс\АСД\lab10\lab10\Source.cpp(254,18): warning C4244: =: преобразование "double" в "int", возможна потеря данных

    Предупреждений: 10
    Ошибок: 0

Прошло времени 00:00:02.46
